#-----------------------------------------------------------
# Vivado v2018.2 (64-bit)
# SW Build 2258646 on Thu Jun 14 20:03:12 MDT 2018
# IP Build 2256618 on Thu Jun 14 22:10:49 MDT 2018
# Start of session at: Wed Nov 21 14:19:37 2018
# Process ID: 22300
# Current directory: C:/Users/Kishen/Desktop/FSMGen
# Command line: vivado.exe -mode batch -source ./files/build.tcl
# Log file: C:/Users/Kishen/Desktop/FSMGen/vivado.log
# Journal file: C:/Users/Kishen/Desktop/FSMGen\vivado.jou
#-----------------------------------------------------------
source ./files/build.tcl
# set outputDir ./VivadoBuildOutput
# file mkdir $outputDir
# set_part xc7a35tcpg236-1
INFO: [Coretcl 2-1500] The part has been set to 'xc7a35tcpg236-1' for the current project only. Run set_part -help for more details. To evaluate different speed grades in the current design, use the set_speed_grade command, or use the open_checkpoint -part command to change the part used by an existing checkpoint design.
set_part: Time (s): cpu = 00:00:03 ; elapsed = 00:00:07 . Memory (MB): peak = 318.547 ; gain = 87.813
# read_verilog ./files/narni.v
# synth_design -top narni
Command: synth_design -top narni
Starting synth_design
Using part: xc7a35tcpg236-1
Attempting to get a license for feature 'Synthesis' and/or device 'xc7a35t'
INFO: [Common 17-349] Got license for feature 'Synthesis' and/or device 'xc7a35t'
INFO: Launching helper process for spawning children vivado processes
INFO: Helper process launched with PID 10340 
INFO: [Common 17-41] Interrupt caught. Command should exit soon.
1
INFO: [Common 17-83] Releasing license: Synthesis
3 Infos, 0 Warnings, 0 Critical Warnings and 1 Errors encountered.
synth_design failed
INFO: [Common 17-344] 'source' was cancelled
INFO: [Common 17-206] Exiting Vivado at Wed Nov 21 14:20:05 2018...
